# JRE version: Java(TM) SE Runtime Environment (25.0.1+8) (build 25.0.1+8-LTS-27)
# Java VM: Java HotSpot(TM) 64-Bit Server VM (25.0.1+8-LTS-27, mixed mode, sharing, tiered, compressed oops, compressed class ptrs, g1 gc, windows-amd64)
GC Precious Log:
 CardTable entry size: 512
 Card Set container configuration: InlinePtr #cards 5 size 8 Array Of Cards #cards 10 size 36 Howl #buckets 4 coarsen threshold 1843 Howl Bitmap #cards 512 size 80 coarsen threshold 460 Card regions per heap region 1 cards per card region 2048
 CPUs: 8 total, 8 available
 Memory: 7971M
 Large Page Support: Disabled
 NUMA Support: Disabled
 Compressed Oops: Enabled (32-bit)
 Heap Region Size: 1M
 Heap Min Capacity: 8M
 Heap Initial Capacity: 126M
 Heap Max Capacity: 1994M
 Pre-touch: Disabled
 Parallel Workers: 8
 Concurrent Workers: 2
 Concurrent Refinement Workers: 8
 Periodic GC: Disabled
Heap:
 garbage-first heap   total reserved 2041856K, committed 101376K, used 58075K [0x0000000083600000, 0x0000000100000000)
  region size 1024K, 11 young (11264K), 2 survivors (2048K)
GC Heap Usage History (20 events):
Event: 38.123 {heap Before GC invocations=6 (full 0):
 garbage-first heap   total reserved 2041856K, committed 54272K, used 41367K [0x0000000083600000, 0x0000000100000000)
  region size 1024K, 23 young (23552K), 1 survivors (1024K)
}
Event: 38.129 {heap After GC invocations=7 (full 0):
 garbage-first heap   total reserved 2041856K, committed 54272K, used 19672K [0x0000000083600000, 0x0000000100000000)
  region size 1024K, 2 young (2048K), 2 survivors (2048K)
}
Event: 50.634 {heap Before GC invocations=7 (full 0):
 garbage-first heap   total reserved 2041856K, committed 54272K, used 43224K [0x0000000083600000, 0x0000000100000000)
  region size 1024K, 25 young (25600K), 2 survivors (2048K)
}
Event: 50.641 {heap After GC invocations=8 (full 0):
 garbage-first heap   total reserved 2041856K, committed 54272K, used 19852K [0x0000000083600000, 0x0000000100000000)
  region size 1024K, 2 young (2048K), 2 survivors (2048K)
}
Event: 359.913 {heap Before GC invocations=8 (full 0):
 garbage-first heap   total reserved 2041856K, committed 54272K, used 43404K [0x0000000083600000, 0x0000000100000000)
  region size 1024K, 26 young (26624K), 2 survivors (2048K)
}
Event: 359.923 {heap After GC invocations=9 (full 0):
 garbage-first heap   total reserved 2041856K, committed 54272K, used 20782K [0x0000000083600000, 0x0000000100000000)
  region size 1024K, 3 young (3072K), 3 survivors (3072K)
}
Event: 595.784 {heap Before GC invocations=9 (full 0):
 garbage-first heap   total reserved 2041856K, committed 54272K, used 44334K [0x0000000083600000, 0x0000000100000000)
  region size 1024K, 27 young (27648K), 3 survivors (3072K)
}
Event: 595.829 {heap After GC invocations=10 (full 0):
 garbage-first heap   total reserved 2041856K, committed 54272K, used 20943K [0x0000000083600000, 0x0000000100000000)
  region size 1024K, 3 young (3072K), 3 survivors (3072K)
}
Event: 598.469 {heap Before GC invocations=10 (full 0):
 garbage-first heap   total reserved 2041856K, committed 54272K, used 49615K [0x0000000083600000, 0x0000000100000000)
  region size 1024K, 28 young (28672K), 3 survivors (3072K)
}
Event: 598.504 {heap After GC invocations=11 (full 0):
 garbage-first heap   total reserved 2041856K, committed 57344K, used 26376K [0x0000000083600000, 0x0000000100000000)
  region size 1024K, 4 young (4096K), 4 survivors (4096K)
}
Event: 600.607 {heap Before GC invocations=11 (full 0):
 garbage-first heap   total reserved 2041856K, committed 57344K, used 51976K [0x0000000083600000, 0x0000000100000000)
  region size 1024K, 27 young (27648K), 4 survivors (4096K)
}
Event: 600.643 {heap After GC invocations=12 (full 0):
 garbage-first heap   total reserved 2041856K, committed 65536K, used 36513K [0x0000000083600000, 0x0000000100000000)
  region size 1024K, 4 young (4096K), 4 survivors (4096K)
}
Event: 600.672 {heap Before GC invocations=12 (full 0):
 garbage-first heap   total reserved 2041856K, committed 65536K, used 36513K [0x0000000083600000, 0x0000000100000000)
  region size 1024K, 5 young (5120K), 4 survivors (4096K)
}
Event: 600.692 {heap After GC invocations=13 (full 0):
 garbage-first heap   total reserved 2041856K, committed 65536K, used 37750K [0x0000000083600000, 0x0000000100000000)
  region size 1024K, 1 young (1024K), 1 survivors (1024K)
}
Event: 601.103 {heap Before GC invocations=14 (full 0):
 garbage-first heap   total reserved 2041856K, committed 66560K, used 55158K [0x0000000083600000, 0x0000000100000000)
  region size 1024K, 17 young (17408K), 1 survivors (1024K)
}
Event: 601.113 {heap After GC invocations=15 (full 0):
 garbage-first heap   total reserved 2041856K, committed 66560K, used 43583K [0x0000000083600000, 0x0000000100000000)
  region size 1024K, 3 young (3072K), 3 survivors (3072K)
}
Event: 601.421 {heap Before GC invocations=15 (full 0):
 garbage-first heap   total reserved 2041856K, committed 66560K, used 56895K [0x0000000083600000, 0x0000000100000000)
  region size 1024K, 16 young (16384K), 3 survivors (3072K)
}
Event: 601.438 {heap After GC invocations=16 (full 0):
 garbage-first heap   total reserved 2041856K, committed 66560K, used 47682K [0x0000000083600000, 0x0000000100000000)
  region size 1024K, 2 young (2048K), 2 survivors (2048K)
}
Event: 601.748 {heap Before GC invocations=16 (full 0):
 garbage-first heap   total reserved 2041856K, committed 66560K, used 57922K [0x0000000083600000, 0x0000000100000000)
  region size 1024K, 12 young (12288K), 2 survivors (2048K)
}
Event: 601.765 {heap After GC invocations=17 (full 0):
 garbage-first heap   total reserved 2041856K, committed 101376K, used 49883K [0x0000000083600000, 0x0000000100000000)
  region size 1024K, 2 young (2048K), 2 survivors (2048K)
}

